[1.590s] DEBUG:colcon:Command line arguments: ['/usr/bin/colcon', 'build', '--packages-select', 'my_py_pkg']
[1.591s] DEBUG:colcon:Parsed command line arguments: Namespace(log_base=None, log_level=None, verb_name='build', build_base='build', install_base='install', merge_install=False, symlink_install=False, test_result_base=None, continue_on_error=False, executor='parallel', parallel_workers=8, event_handlers=None, ignore_user_meta=False, metas=['./colcon.meta'], base_paths=['.'], packages_ignore=None, packages_ignore_regex=None, paths=None, packages_up_to=None, packages_up_to_regex=None, packages_above=None, packages_above_and_dependencies=None, packages_above_depth=None, packages_select_by_dep=None, packages_skip_by_dep=None, packages_skip_up_to=None, packages_select_build_failed=False, packages_skip_build_finished=False, packages_select_test_failures=False, packages_skip_test_passed=False, packages_select=['my_py_pkg'], packages_skip=None, packages_select_regex=None, packages_skip_regex=None, packages_start=None, packages_end=None, allow_overriding=[], cmake_args=None, cmake_target=None, cmake_target_skip_unavailable=False, cmake_clean_cache=False, cmake_clean_first=False, cmake_force_configure=False, ament_cmake_args=None, catkin_cmake_args=None, catkin_skip_building_tests=False, verb_parser=<colcon_defaults.argument_parser.defaults.DefaultArgumentsDecorator object at 0x7ff40b0fbb50>, verb_extension=<colcon_core.verb.build.BuildVerb object at 0x7ff40b4dbe80>, main=<bound method BuildVerb.main of <colcon_core.verb.build.BuildVerb object at 0x7ff40b4dbe80>>)
[1.662s] Level 1:colcon.colcon_core.package_discovery:discover_packages(colcon_meta) check parameters
[1.662s] Level 1:colcon.colcon_core.package_discovery:discover_packages(recursive) check parameters
[1.663s] Level 1:colcon.colcon_core.package_discovery:discover_packages(ignore) check parameters
[1.663s] Level 1:colcon.colcon_core.package_discovery:discover_packages(path) check parameters
[1.663s] Level 1:colcon.colcon_core.package_discovery:discover_packages(colcon_meta) discover
[1.663s] Level 1:colcon.colcon_core.package_discovery:discover_packages(recursive) discover
[1.663s] INFO:colcon.colcon_core.package_discovery:Crawling recursively for packages in '/home/fred/ros2_ws/src/my_py_pkg'
[1.663s] Level 1:colcon.colcon_core.package_identification:_identify(.) by extensions ['ignore', 'ignore_ament_install']
[1.663s] Level 1:colcon.colcon_core.package_identification:_identify(.) by extension 'ignore'
[1.663s] Level 1:colcon.colcon_core.package_identification:_identify(.) by extension 'ignore_ament_install'
[1.663s] Level 1:colcon.colcon_core.package_identification:_identify(.) by extensions ['colcon_pkg']
[1.663s] Level 1:colcon.colcon_core.package_identification:_identify(.) by extension 'colcon_pkg'
[1.663s] Level 1:colcon.colcon_core.package_identification:_identify(.) by extensions ['colcon_meta']
[1.663s] Level 1:colcon.colcon_core.package_identification:_identify(.) by extension 'colcon_meta'
[1.664s] Level 1:colcon.colcon_core.package_identification:_identify(.) by extensions ['ros']
[1.664s] Level 1:colcon.colcon_core.package_identification:_identify(.) by extension 'ros'
[1.684s] DEBUG:colcon.colcon_core.package_identification:Package '.' with type 'ros.ament_python' and name 'my_py_pkg'
[1.684s] Level 1:colcon.colcon_core.package_discovery:discover_packages(recursive) using defaults
[1.684s] Level 1:colcon.colcon_core.package_discovery:discover_packages(ignore) discover
[1.684s] Level 1:colcon.colcon_core.package_discovery:discover_packages(ignore) using defaults
[1.684s] Level 1:colcon.colcon_core.package_discovery:discover_packages(path) discover
[1.684s] Level 1:colcon.colcon_core.package_discovery:discover_packages(path) using defaults
[1.827s] Level 1:colcon.colcon_core.package_discovery:discover_packages(prefix_path) check parameters
[1.827s] Level 1:colcon.colcon_core.package_discovery:discover_packages(prefix_path) discover
[1.875s] DEBUG:colcon.colcon_installed_package_information.package_discovery:Found 1 installed packages in /home/fred/ros2_ws/install
[1.900s] DEBUG:colcon.colcon_installed_package_information.package_discovery:Found 270 installed packages in /opt/ros/humble
[1.902s] Level 1:colcon.colcon_core.package_discovery:discover_packages(prefix_path) using defaults
[2.055s] Level 5:colcon.colcon_core.verb:set package 'my_py_pkg' build argument 'cmake_args' from command line to 'None'
[2.055s] Level 5:colcon.colcon_core.verb:set package 'my_py_pkg' build argument 'cmake_target' from command line to 'None'
[2.055s] Level 5:colcon.colcon_core.verb:set package 'my_py_pkg' build argument 'cmake_target_skip_unavailable' from command line to 'False'
[2.055s] Level 5:colcon.colcon_core.verb:set package 'my_py_pkg' build argument 'cmake_clean_cache' from command line to 'False'
[2.055s] Level 5:colcon.colcon_core.verb:set package 'my_py_pkg' build argument 'cmake_clean_first' from command line to 'False'
[2.055s] Level 5:colcon.colcon_core.verb:set package 'my_py_pkg' build argument 'cmake_force_configure' from command line to 'False'
[2.055s] Level 5:colcon.colcon_core.verb:set package 'my_py_pkg' build argument 'ament_cmake_args' from command line to 'None'
[2.055s] Level 5:colcon.colcon_core.verb:set package 'my_py_pkg' build argument 'catkin_cmake_args' from command line to 'None'
[2.055s] Level 5:colcon.colcon_core.verb:set package 'my_py_pkg' build argument 'catkin_skip_building_tests' from command line to 'False'
[2.055s] DEBUG:colcon.colcon_core.verb:Building package 'my_py_pkg' with the following arguments: {'ament_cmake_args': None, 'build_base': '/home/fred/ros2_ws/src/my_py_pkg/build/my_py_pkg', 'catkin_cmake_args': None, 'catkin_skip_building_tests': False, 'cmake_args': None, 'cmake_clean_cache': False, 'cmake_clean_first': False, 'cmake_force_configure': False, 'cmake_target': None, 'cmake_target_skip_unavailable': False, 'install_base': '/home/fred/ros2_ws/src/my_py_pkg/install/my_py_pkg', 'merge_install': False, 'path': '/home/fred/ros2_ws/src/my_py_pkg', 'symlink_install': False, 'test_result_base': None}
[2.078s] INFO:colcon.colcon_core.executor:Executing jobs using 'parallel' executor
[2.104s] DEBUG:colcon.colcon_parallel_executor.executor.parallel:run_until_complete
[2.104s] INFO:colcon.colcon_ros.task.ament_python.build:Building ROS package in '/home/fred/ros2_ws/src/my_py_pkg' with build type 'ament_python'
[2.104s] Level 1:colcon.colcon_core.shell:create_environment_hook('my_py_pkg', 'ament_prefix_path')
[2.131s] INFO:colcon.colcon_core.plugin_system:Skipping extension 'colcon_core.shell.bat': Not used on non-Windows systems
[2.131s] INFO:colcon.colcon_core.shell:Creating environment hook '/home/fred/ros2_ws/src/my_py_pkg/install/my_py_pkg/share/my_py_pkg/hook/ament_prefix_path.ps1'
[2.133s] INFO:colcon.colcon_core.shell:Creating environment descriptor '/home/fred/ros2_ws/src/my_py_pkg/install/my_py_pkg/share/my_py_pkg/hook/ament_prefix_path.dsv'
[2.133s] INFO:colcon.colcon_core.shell:Creating environment hook '/home/fred/ros2_ws/src/my_py_pkg/install/my_py_pkg/share/my_py_pkg/hook/ament_prefix_path.sh'
[2.159s] INFO:colcon.colcon_core.shell:Skip shell extension 'powershell' for command environment: Not usable outside of PowerShell
[2.159s] DEBUG:colcon.colcon_core.shell:Skip shell extension 'dsv' for command environment
[2.635s] INFO:colcon.colcon_core.task.python.build:Building Python package in '/home/fred/ros2_ws/src/my_py_pkg'
[2.660s] INFO:colcon.colcon_core.shell:Skip shell extension 'powershell' for command environment: Not usable outside of PowerShell
[2.660s] DEBUG:colcon.colcon_core.shell:Skip shell extension 'dsv' for command environment
[3.264s] DEBUG:colcon.colcon_core.event_handler.log_command:Invoking command in '/home/fred/ros2_ws/src/my_py_pkg': PYTHONPATH=/home/fred/ros2_ws/src/my_py_pkg/build/my_py_pkg/prefix_override:/home/fred/ros2_ws/src/my_py_pkg/install/my_py_pkg/lib/python3.10/site-packages:${PYTHONPATH} /usr/bin/python3 setup.py egg_info --egg-base build/my_py_pkg build --build-base /home/fred/ros2_ws/src/my_py_pkg/build/my_py_pkg/build install --record /home/fred/ros2_ws/src/my_py_pkg/build/my_py_pkg/install.log --single-version-externally-managed
[3.690s] DEBUG:colcon.colcon_core.event_handler.log_command:Invoked command in '/home/fred/ros2_ws/src/my_py_pkg' returned '0': PYTHONPATH=/home/fred/ros2_ws/src/my_py_pkg/build/my_py_pkg/prefix_override:/home/fred/ros2_ws/src/my_py_pkg/install/my_py_pkg/lib/python3.10/site-packages:${PYTHONPATH} /usr/bin/python3 setup.py egg_info --egg-base build/my_py_pkg build --build-base /home/fred/ros2_ws/src/my_py_pkg/build/my_py_pkg/build install --record /home/fred/ros2_ws/src/my_py_pkg/build/my_py_pkg/install.log --single-version-externally-managed
[3.737s] Level 1:colcon.colcon_core.environment:checking '/home/fred/ros2_ws/src/my_py_pkg/install/my_py_pkg' for CMake module files
[3.738s] Level 1:colcon.colcon_core.environment:checking '/home/fred/ros2_ws/src/my_py_pkg/install/my_py_pkg' for CMake config files
[3.740s] Level 1:colcon.colcon_core.environment:checking '/home/fred/ros2_ws/src/my_py_pkg/install/my_py_pkg/lib'
[3.740s] Level 1:colcon.colcon_core.environment:checking '/home/fred/ros2_ws/src/my_py_pkg/install/my_py_pkg/bin'
[3.740s] Level 1:colcon.colcon_core.environment:checking '/home/fred/ros2_ws/src/my_py_pkg/install/my_py_pkg/lib/pkgconfig/my_py_pkg.pc'
[3.741s] Level 1:colcon.colcon_core.environment:checking '/home/fred/ros2_ws/src/my_py_pkg/install/my_py_pkg/lib/python3.10/site-packages'
[3.741s] Level 1:colcon.colcon_core.shell:create_environment_hook('my_py_pkg', 'pythonpath')
[3.771s] INFO:colcon.colcon_core.shell:Creating environment hook '/home/fred/ros2_ws/src/my_py_pkg/install/my_py_pkg/share/my_py_pkg/hook/pythonpath.ps1'
[3.772s] INFO:colcon.colcon_core.shell:Creating environment descriptor '/home/fred/ros2_ws/src/my_py_pkg/install/my_py_pkg/share/my_py_pkg/hook/pythonpath.dsv'
[3.772s] INFO:colcon.colcon_core.shell:Creating environment hook '/home/fred/ros2_ws/src/my_py_pkg/install/my_py_pkg/share/my_py_pkg/hook/pythonpath.sh'
[3.773s] Level 1:colcon.colcon_core.environment:checking '/home/fred/ros2_ws/src/my_py_pkg/install/my_py_pkg/bin'
[3.773s] Level 1:colcon.colcon_core.environment:create_environment_scripts_only(my_py_pkg)
[3.799s] INFO:colcon.colcon_core.shell:Creating package script '/home/fred/ros2_ws/src/my_py_pkg/install/my_py_pkg/share/my_py_pkg/package.ps1'
[3.801s] INFO:colcon.colcon_core.shell:Creating package descriptor '/home/fred/ros2_ws/src/my_py_pkg/install/my_py_pkg/share/my_py_pkg/package.dsv'
[3.801s] INFO:colcon.colcon_core.shell:Creating package script '/home/fred/ros2_ws/src/my_py_pkg/install/my_py_pkg/share/my_py_pkg/package.sh'
[3.802s] INFO:colcon.colcon_core.shell:Creating package script '/home/fred/ros2_ws/src/my_py_pkg/install/my_py_pkg/share/my_py_pkg/package.bash'
[3.803s] INFO:colcon.colcon_core.shell:Creating package script '/home/fred/ros2_ws/src/my_py_pkg/install/my_py_pkg/share/my_py_pkg/package.zsh'
[3.804s] Level 1:colcon.colcon_core.environment:create_file_with_runtime_dependencies(/home/fred/ros2_ws/src/my_py_pkg/install/my_py_pkg/share/colcon-core/packages/my_py_pkg)
[3.804s] DEBUG:colcon.colcon_parallel_executor.executor.parallel:closing loop
[3.805s] DEBUG:colcon.colcon_parallel_executor.executor.parallel:loop closed
[3.805s] DEBUG:colcon.colcon_parallel_executor.executor.parallel:run_until_complete finished with '0'
[3.806s] DEBUG:colcon.colcon_core.event_reactor:joining thread
[3.876s] INFO:colcon.colcon_core.plugin_system:Skipping extension 'colcon_notification.desktop_notification.terminal_notifier': Not used on non-Darwin systems
[3.876s] INFO:colcon.colcon_core.plugin_system:Skipping extension 'colcon_notification.desktop_notification.win32': Not used on non-Windows systems
[3.876s] INFO:colcon.colcon_notification.desktop_notification:Sending desktop notification using 'notify2'
[3.917s] DEBUG:colcon.colcon_core.event_reactor:joined thread
[3.944s] INFO:colcon.colcon_core.shell:Creating prefix script '/home/fred/ros2_ws/src/my_py_pkg/install/local_setup.ps1'
[3.945s] INFO:colcon.colcon_core.shell:Creating prefix util module '/home/fred/ros2_ws/src/my_py_pkg/install/_local_setup_util_ps1.py'
[3.947s] INFO:colcon.colcon_core.shell:Creating prefix chain script '/home/fred/ros2_ws/src/my_py_pkg/install/setup.ps1'
[3.974s] INFO:colcon.colcon_core.shell:Creating prefix script '/home/fred/ros2_ws/src/my_py_pkg/install/local_setup.sh'
[3.975s] INFO:colcon.colcon_core.shell:Creating prefix util module '/home/fred/ros2_ws/src/my_py_pkg/install/_local_setup_util_sh.py'
[3.976s] INFO:colcon.colcon_core.shell:Creating prefix chain script '/home/fred/ros2_ws/src/my_py_pkg/install/setup.sh'
[4.002s] INFO:colcon.colcon_core.shell:Creating prefix script '/home/fred/ros2_ws/src/my_py_pkg/install/local_setup.bash'
[4.002s] INFO:colcon.colcon_core.shell:Creating prefix chain script '/home/fred/ros2_ws/src/my_py_pkg/install/setup.bash'
[4.027s] INFO:colcon.colcon_core.shell:Creating prefix script '/home/fred/ros2_ws/src/my_py_pkg/install/local_setup.zsh'
[4.028s] INFO:colcon.colcon_core.shell:Creating prefix chain script '/home/fred/ros2_ws/src/my_py_pkg/install/setup.zsh'
