[1.294s] Invoking command in '/home/fred/ros2_ws/src/my_py_pkg/build/my_py_pkg': PYTHONPATH=/home/fred/ros2_ws/src/my_py_pkg/build/my_py_pkg/prefix_override:/home/fred/ros2_ws/src/my_py_pkg/install/my_py_pkg/lib/python3.10/site-packages:${PYTHONPATH} /usr/bin/python3 setup.py develop --editable --build-directory /home/fred/ros2_ws/src/my_py_pkg/build/my_py_pkg/build --no-deps install_data
[1.685s] running develop
[1.688s] /usr/lib/python3/dist-packages/setuptools/command/easy_install.py:158: EasyInstallDeprecationWarning: easy_install command is deprecated. Use build and pip and other standards-based tools.
[1.688s]   warnings.warn(
[1.690s] /usr/lib/python3/dist-packages/setuptools/command/install.py:34: SetuptoolsDeprecationWarning: setup.py install is deprecated. Use build and pip and other standards-based tools.
[1.690s]   warnings.warn(
[1.951s] running egg_info
[1.951s] writing my_py_pkg.egg-info/PKG-INFO
[1.951s] writing dependency_links to my_py_pkg.egg-info/dependency_links.txt
[1.952s] writing entry points to my_py_pkg.egg-info/entry_points.txt
[1.952s] writing requirements to my_py_pkg.egg-info/requires.txt
[1.952s] writing top-level names to my_py_pkg.egg-info/top_level.txt
[1.954s] reading manifest file 'my_py_pkg.egg-info/SOURCES.txt'
[1.956s] writing manifest file 'my_py_pkg.egg-info/SOURCES.txt'
[1.958s] running build_ext
[1.958s] Creating /home/fred/ros2_ws/src/my_py_pkg/install/my_py_pkg/lib/python3.10/site-packages/my-py-pkg.egg-link (link to .)
[1.959s] Installing add_two_ints_server script to /home/fred/ros2_ws/src/my_py_pkg/install/my_py_pkg/lib/my_py_pkg
[1.959s] Installing my_first_node script to /home/fred/ros2_ws/src/my_py_pkg/install/my_py_pkg/lib/my_py_pkg
[1.959s] Installing node_template script to /home/fred/ros2_ws/src/my_py_pkg/install/my_py_pkg/lib/my_py_pkg
[1.960s] Installing robot_news_station script to /home/fred/ros2_ws/src/my_py_pkg/install/my_py_pkg/lib/my_py_pkg
[1.960s] Installing smartphone script to /home/fred/ros2_ws/src/my_py_pkg/install/my_py_pkg/lib/my_py_pkg
[1.960s] 
[1.960s] Installed /home/fred/ros2_ws/src/my_py_pkg/build/my_py_pkg
[1.960s] running install_data
[1.960s] copying package.xml -> /home/fred/ros2_ws/src/my_py_pkg/install/my_py_pkg/share/my_py_pkg
[1.995s] Invoked command in '/home/fred/ros2_ws/src/my_py_pkg/build/my_py_pkg' returned '0': PYTHONPATH=/home/fred/ros2_ws/src/my_py_pkg/build/my_py_pkg/prefix_override:/home/fred/ros2_ws/src/my_py_pkg/install/my_py_pkg/lib/python3.10/site-packages:${PYTHONPATH} /usr/bin/python3 setup.py develop --editable --build-directory /home/fred/ros2_ws/src/my_py_pkg/build/my_py_pkg/build --no-deps install_data
